{"/home/samuel/Documentos/LooksyBackend/looksy-backend/app.js": {"path":"/home/samuel/Documentos/LooksyBackend/looksy-backend/app.js","statementMap":{"0":{"start":{"line":1,"column":16},"end":{"line":1,"column":34}},"1":{"start":{"line":2,"column":12},"end":{"line":2,"column":21}},"2":{"start":{"line":3,"column":13},"end":{"line":3,"column":17}},"3":{"start":{"line":5,"column":0},"end":{"line":5,"column":23}},"4":{"start":{"line":7,"column":17},"end":{"line":7,"column":52}},"5":{"start":{"line":8,"column":20},"end":{"line":8,"column":55}},"6":{"start":{"line":9,"column":21},"end":{"line":9,"column":59}},"7":{"start":{"line":10,"column":24},"end":{"line":10,"column":65}},"8":{"start":{"line":11,"column":20},"end":{"line":11,"column":58}},"9":{"start":{"line":12,"column":19},"end":{"line":12,"column":56}},"10":{"start":{"line":13,"column":19},"end":{"line":13,"column":56}},"11":{"start":{"line":14,"column":21},"end":{"line":14,"column":60}},"12":{"start":{"line":16,"column":0},"end":{"line":16,"column":17}},"13":{"start":{"line":17,"column":0},"end":{"line":17,"column":20}},"14":{"start":{"line":18,"column":0},"end":{"line":18,"column":21}},"15":{"start":{"line":19,"column":0},"end":{"line":19,"column":24}},"16":{"start":{"line":20,"column":0},"end":{"line":20,"column":20}},"17":{"start":{"line":21,"column":0},"end":{"line":21,"column":19}},"18":{"start":{"line":22,"column":0},"end":{"line":22,"column":19}},"19":{"start":{"line":23,"column":0},"end":{"line":23,"column":21}},"20":{"start":{"line":25,"column":0},"end":{"line":27,"column":2}},"21":{"start":{"line":26,"column":2},"end":{"line":26,"column":46}},"22":{"start":{"line":29,"column":0},"end":{"line":31,"column":2}},"23":{"start":{"line":30,"column":2},"end":{"line":30,"column":43}},"24":{"start":{"line":33,"column":0},"end":{"line":33,"column":20}}},"fnMap":{"0":{"name":"(anonymous_0)","decl":{"start":{"line":25,"column":13},"end":{"line":25,"column":14}},"loc":{"start":{"line":25,"column":27},"end":{"line":27,"column":1}},"line":25},"1":{"name":"(anonymous_1)","decl":{"start":{"line":29,"column":28},"end":{"line":29,"column":29}},"loc":{"start":{"line":29,"column":34},"end":{"line":31,"column":1}},"line":29}},"branchMap":{},"s":{"0":5,"1":5,"2":5,"3":5,"4":5,"5":5,"6":5,"7":5,"8":5,"9":5,"10":5,"11":5,"12":5,"13":5,"14":5,"15":5,"16":5,"17":5,"18":5,"19":5,"20":5,"21":2,"22":5,"23":5,"24":5},"f":{"0":2,"1":5},"b":{},"_coverageSchema":"1a1c01bbd47fc00a2c39e90264f33305004495a9","hash":"e2688f5aa9b62a077c23630afcc087ed3cb1bc3a"}
,"/home/samuel/Documentos/LooksyBackend/looksy-backend/src/routes/atuendo.routes.js": {"path":"/home/samuel/Documentos/LooksyBackend/looksy-backend/src/routes/atuendo.routes.js","statementMap":{"0":{"start":{"line":1,"column":16},"end":{"line":1,"column":34}},"1":{"start":{"line":2,"column":15},"end":{"line":2,"column":31}},"2":{"start":{"line":3,"column":15},"end":{"line":3,"column":39}},"3":{"start":{"line":5,"column":0},"end":{"line":30,"column":2}},"4":{"start":{"line":6,"column":2},"end":{"line":29,"column":3}},"5":{"start":{"line":7,"column":21},"end":{"line":20,"column":6}},"6":{"start":{"line":22,"column":4},"end":{"line":22,"column":50}},"7":{"start":{"line":24,"column":4},"end":{"line":24,"column":54}},"8":{"start":{"line":25,"column":4},"end":{"line":28,"column":6}},"9":{"start":{"line":32,"column":0},"end":{"line":78,"column":2}},"10":{"start":{"line":33,"column":2},"end":{"line":77,"column":3}},"11":{"start":{"line":34,"column":55},"end":{"line":34,"column":63}},"12":{"start":{"line":36,"column":4},"end":{"line":41,"column":5}},"13":{"start":{"line":37,"column":6},"end":{"line":40,"column":8}},"14":{"start":{"line":43,"column":20},"end":{"line":45,"column":6}},"15":{"start":{"line":46,"column":4},"end":{"line":51,"column":5}},"16":{"start":{"line":47,"column":6},"end":{"line":50,"column":8}},"17":{"start":{"line":53,"column":20},"end":{"line":68,"column":6}},"18":{"start":{"line":70,"column":4},"end":{"line":70,"column":37}},"19":{"start":{"line":72,"column":4},"end":{"line":72,"column":51}},"20":{"start":{"line":73,"column":4},"end":{"line":76,"column":6}},"21":{"start":{"line":80,"column":0},"end":{"line":80,"column":23}}},"fnMap":{"0":{"name":"(anonymous_0)","decl":{"start":{"line":5,"column":28},"end":{"line":5,"column":29}},"loc":{"start":{"line":5,"column":48},"end":{"line":30,"column":1}},"line":5},"1":{"name":"(anonymous_1)","decl":{"start":{"line":32,"column":29},"end":{"line":32,"column":30}},"loc":{"start":{"line":32,"column":49},"end":{"line":78,"column":1}},"line":32}},"branchMap":{"0":{"loc":{"start":{"line":36,"column":4},"end":{"line":41,"column":5}},"type":"if","locations":[{"start":{"line":36,"column":4},"end":{"line":41,"column":5}},{"start":{},"end":{}}],"line":36},"1":{"loc":{"start":{"line":36,"column":8},"end":{"line":36,"column":29}},"type":"binary-expr","locations":[{"start":{"line":36,"column":8},"end":{"line":36,"column":15}},{"start":{"line":36,"column":19},"end":{"line":36,"column":29}}],"line":36},"2":{"loc":{"start":{"line":46,"column":4},"end":{"line":51,"column":5}},"type":"if","locations":[{"start":{"line":46,"column":4},"end":{"line":51,"column":5}},{"start":{},"end":{}}],"line":46}},"s":{"0":5,"1":5,"2":5,"3":5,"4":3,"5":3,"6":3,"7":0,"8":0,"9":5,"10":4,"11":4,"12":4,"13":1,"14":3,"15":3,"16":1,"17":2,"18":2,"19":0,"20":0,"21":5},"f":{"0":3,"1":4},"b":{"0":[1,3],"1":[4,3],"2":[1,2]},"_coverageSchema":"1a1c01bbd47fc00a2c39e90264f33305004495a9","hash":"7f15c1a0ae91fbcb8b61281652c46b31a81fd22b"}
,"/home/samuel/Documentos/LooksyBackend/looksy-backend/src/routes/auth.routes.js": {"path":"/home/samuel/Documentos/LooksyBackend/looksy-backend/src/routes/auth.routes.js","statementMap":{"0":{"start":{"line":1,"column":16},"end":{"line":1,"column":34}},"1":{"start":{"line":2,"column":15},"end":{"line":2,"column":31}},"2":{"start":{"line":3,"column":15},"end":{"line":3,"column":34}},"3":{"start":{"line":4,"column":12},"end":{"line":4,"column":35}},"4":{"start":{"line":5,"column":15},"end":{"line":5,"column":39}},"5":{"start":{"line":7,"column":19},"end":{"line":7,"column":68}},"6":{"start":{"line":8,"column":20},"end":{"line":8,"column":24}},"7":{"start":{"line":10,"column":0},"end":{"line":61,"column":2}},"8":{"start":{"line":11,"column":2},"end":{"line":60,"column":3}},"9":{"start":{"line":12,"column":48},"end":{"line":12,"column":56}},"10":{"start":{"line":14,"column":4},"end":{"line":19,"column":5}},"11":{"start":{"line":15,"column":6},"end":{"line":18,"column":8}},"12":{"start":{"line":21,"column":19},"end":{"line":21,"column":73}},"13":{"start":{"line":22,"column":4},"end":{"line":27,"column":5}},"14":{"start":{"line":23,"column":6},"end":{"line":26,"column":8}},"15":{"start":{"line":29,"column":17},"end":{"line":29,"column":41}},"16":{"start":{"line":30,"column":17},"end":{"line":30,"column":52}},"17":{"start":{"line":32,"column":20},"end":{"line":45,"column":6}},"18":{"start":{"line":47,"column":18},"end":{"line":51,"column":5}},"19":{"start":{"line":53,"column":4},"end":{"line":53,"column":44}},"20":{"start":{"line":55,"column":4},"end":{"line":55,"column":55}},"21":{"start":{"line":56,"column":4},"end":{"line":59,"column":6}},"22":{"start":{"line":63,"column":0},"end":{"line":122,"column":2}},"23":{"start":{"line":64,"column":2},"end":{"line":121,"column":3}},"24":{"start":{"line":65,"column":35},"end":{"line":65,"column":43}},"25":{"start":{"line":67,"column":4},"end":{"line":72,"column":5}},"26":{"start":{"line":68,"column":6},"end":{"line":71,"column":8}},"27":{"start":{"line":74,"column":20},"end":{"line":83,"column":6}},"28":{"start":{"line":85,"column":4},"end":{"line":90,"column":5}},"29":{"start":{"line":86,"column":6},"end":{"line":89,"column":8}},"30":{"start":{"line":92,"column":19},"end":{"line":92,"column":71}},"31":{"start":{"line":93,"column":4},"end":{"line":98,"column":5}},"32":{"start":{"line":94,"column":6},"end":{"line":97,"column":8}},"33":{"start":{"line":100,"column":18},"end":{"line":104,"column":5}},"34":{"start":{"line":106,"column":4},"end":{"line":114,"column":6}},"35":{"start":{"line":116,"column":4},"end":{"line":116,"column":52}},"36":{"start":{"line":117,"column":4},"end":{"line":120,"column":6}},"37":{"start":{"line":124,"column":0},"end":{"line":124,"column":23}}},"fnMap":{"0":{"name":"(anonymous_0)","decl":{"start":{"line":10,"column":34},"end":{"line":10,"column":35}},"loc":{"start":{"line":10,"column":54},"end":{"line":61,"column":1}},"line":10},"1":{"name":"(anonymous_1)","decl":{"start":{"line":63,"column":31},"end":{"line":63,"column":32}},"loc":{"start":{"line":63,"column":51},"end":{"line":122,"column":1}},"line":63}},"branchMap":{"0":{"loc":{"start":{"line":7,"column":19},"end":{"line":7,"column":68}},"type":"binary-expr","locations":[{"start":{"line":7,"column":19},"end":{"line":7,"column":41}},{"start":{"line":7,"column":45},"end":{"line":7,"column":68}}],"line":7},"1":{"loc":{"start":{"line":14,"column":4},"end":{"line":19,"column":5}},"type":"if","locations":[{"start":{"line":14,"column":4},"end":{"line":19,"column":5}},{"start":{},"end":{}}],"line":14},"2":{"loc":{"start":{"line":14,"column":8},"end":{"line":14,"column":41}},"type":"binary-expr","locations":[{"start":{"line":14,"column":8},"end":{"line":14,"column":15}},{"start":{"line":14,"column":19},"end":{"line":14,"column":26}},{"start":{"line":14,"column":30},"end":{"line":14,"column":41}}],"line":14},"3":{"loc":{"start":{"line":22,"column":4},"end":{"line":27,"column":5}},"type":"if","locations":[{"start":{"line":22,"column":4},"end":{"line":27,"column":5}},{"start":{},"end":{}}],"line":22},"4":{"loc":{"start":{"line":37,"column":13},"end":{"line":37,"column":29}},"type":"binary-expr","locations":[{"start":{"line":37,"column":13},"end":{"line":37,"column":16}},{"start":{"line":37,"column":20},"end":{"line":37,"column":29}}],"line":37},"5":{"loc":{"start":{"line":67,"column":4},"end":{"line":72,"column":5}},"type":"if","locations":[{"start":{"line":67,"column":4},"end":{"line":72,"column":5}},{"start":{},"end":{}}],"line":67},"6":{"loc":{"start":{"line":67,"column":8},"end":{"line":67,"column":30}},"type":"binary-expr","locations":[{"start":{"line":67,"column":8},"end":{"line":67,"column":15}},{"start":{"line":67,"column":19},"end":{"line":67,"column":30}}],"line":67},"7":{"loc":{"start":{"line":85,"column":4},"end":{"line":90,"column":5}},"type":"if","locations":[{"start":{"line":85,"column":4},"end":{"line":90,"column":5}},{"start":{},"end":{}}],"line":85},"8":{"loc":{"start":{"line":93,"column":4},"end":{"line":98,"column":5}},"type":"if","locations":[{"start":{"line":93,"column":4},"end":{"line":98,"column":5}},{"start":{},"end":{}}],"line":93}},"s":{"0":6,"1":6,"2":6,"3":6,"4":6,"5":6,"6":6,"7":6,"8":22,"9":22,"10":22,"11":4,"12":18,"13":16,"14":2,"15":14,"16":14,"17":14,"18":14,"19":14,"20":2,"21":2,"22":6,"23":10,"24":10,"25":10,"26":1,"27":9,"28":9,"29":2,"30":7,"31":7,"32":2,"33":5,"34":5,"35":0,"36":0,"37":6},"f":{"0":22,"1":10},"b":{"0":[6,6],"1":[4,18],"2":[22,18,18],"3":[2,14],"4":[14,13],"5":[1,9],"6":[10,9],"7":[2,7],"8":[2,5]},"_coverageSchema":"1a1c01bbd47fc00a2c39e90264f33305004495a9","hash":"711fec9a998a5a423443235f7b7c5f80b70c1bea"}
,"/home/samuel/Documentos/LooksyBackend/looksy-backend/src/routes/etiqueta.routes.js": {"path":"/home/samuel/Documentos/LooksyBackend/looksy-backend/src/routes/etiqueta.routes.js","statementMap":{"0":{"start":{"line":1,"column":16},"end":{"line":1,"column":34}},"1":{"start":{"line":2,"column":15},"end":{"line":2,"column":31}},"2":{"start":{"line":3,"column":15},"end":{"line":3,"column":39}},"3":{"start":{"line":5,"column":0},"end":{"line":26,"column":2}},"4":{"start":{"line":6,"column":2},"end":{"line":25,"column":3}},"5":{"start":{"line":7,"column":22},"end":{"line":16,"column":6}},"6":{"start":{"line":18,"column":4},"end":{"line":18,"column":52}},"7":{"start":{"line":20,"column":4},"end":{"line":20,"column":55}},"8":{"start":{"line":21,"column":4},"end":{"line":24,"column":6}},"9":{"start":{"line":28,"column":0},"end":{"line":60,"column":2}},"10":{"start":{"line":29,"column":2},"end":{"line":59,"column":3}},"11":{"start":{"line":30,"column":23},"end":{"line":30,"column":31}},"12":{"start":{"line":32,"column":4},"end":{"line":37,"column":5}},"13":{"start":{"line":33,"column":6},"end":{"line":36,"column":8}},"14":{"start":{"line":39,"column":19},"end":{"line":39,"column":74}},"15":{"start":{"line":40,"column":4},"end":{"line":45,"column":5}},"16":{"start":{"line":41,"column":6},"end":{"line":44,"column":8}},"17":{"start":{"line":47,"column":21},"end":{"line":50,"column":6}},"18":{"start":{"line":52,"column":4},"end":{"line":52,"column":38}},"19":{"start":{"line":54,"column":4},"end":{"line":54,"column":52}},"20":{"start":{"line":55,"column":4},"end":{"line":58,"column":6}},"21":{"start":{"line":62,"column":0},"end":{"line":62,"column":23}}},"fnMap":{"0":{"name":"(anonymous_0)","decl":{"start":{"line":5,"column":29},"end":{"line":5,"column":30}},"loc":{"start":{"line":5,"column":49},"end":{"line":26,"column":1}},"line":5},"1":{"name":"(anonymous_1)","decl":{"start":{"line":28,"column":30},"end":{"line":28,"column":31}},"loc":{"start":{"line":28,"column":50},"end":{"line":60,"column":1}},"line":28}},"branchMap":{"0":{"loc":{"start":{"line":32,"column":4},"end":{"line":37,"column":5}},"type":"if","locations":[{"start":{"line":32,"column":4},"end":{"line":37,"column":5}},{"start":{},"end":{}}],"line":32},"1":{"loc":{"start":{"line":40,"column":4},"end":{"line":45,"column":5}},"type":"if","locations":[{"start":{"line":40,"column":4},"end":{"line":45,"column":5}},{"start":{},"end":{}}],"line":40}},"s":{"0":5,"1":5,"2":5,"3":5,"4":4,"5":4,"6":4,"7":0,"8":0,"9":5,"10":10,"11":10,"12":10,"13":2,"14":8,"15":8,"16":2,"17":6,"18":6,"19":0,"20":0,"21":5},"f":{"0":4,"1":10},"b":{"0":[2,8],"1":[2,6]},"_coverageSchema":"1a1c01bbd47fc00a2c39e90264f33305004495a9","hash":"2680b23d1e55a2bc53b786e9ab6055d7edc29962"}
,"/home/samuel/Documentos/LooksyBackend/looksy-backend/src/routes/pedido.routes.js": {"path":"/home/samuel/Documentos/LooksyBackend/looksy-backend/src/routes/pedido.routes.js","statementMap":{"0":{"start":{"line":1,"column":16},"end":{"line":1,"column":34}},"1":{"start":{"line":2,"column":15},"end":{"line":2,"column":31}},"2":{"start":{"line":3,"column":15},"end":{"line":3,"column":39}},"3":{"start":{"line":5,"column":0},"end":{"line":43,"column":2}},"4":{"start":{"line":6,"column":2},"end":{"line":42,"column":3}},"5":{"start":{"line":7,"column":20},"end":{"line":33,"column":6}},"6":{"start":{"line":35,"column":4},"end":{"line":35,"column":48}},"7":{"start":{"line":37,"column":4},"end":{"line":37,"column":53}},"8":{"start":{"line":38,"column":4},"end":{"line":41,"column":6}},"9":{"start":{"line":45,"column":0},"end":{"line":114,"column":2}},"10":{"start":{"line":46,"column":2},"end":{"line":113,"column":3}},"11":{"start":{"line":47,"column":55},"end":{"line":47,"column":63}},"12":{"start":{"line":49,"column":4},"end":{"line":54,"column":5}},"13":{"start":{"line":50,"column":6},"end":{"line":53,"column":8}},"14":{"start":{"line":56,"column":19},"end":{"line":58,"column":6}},"15":{"start":{"line":59,"column":4},"end":{"line":64,"column":5}},"16":{"start":{"line":60,"column":6},"end":{"line":63,"column":8}},"17":{"start":{"line":66,"column":20},"end":{"line":68,"column":6}},"18":{"start":{"line":69,"column":4},"end":{"line":74,"column":5}},"19":{"start":{"line":70,"column":6},"end":{"line":73,"column":8}},"20":{"start":{"line":76,"column":19},"end":{"line":104,"column":6}},"21":{"start":{"line":83,"column":38},"end":{"line":87,"column":11}},"22":{"start":{"line":106,"column":4},"end":{"line":106,"column":36}},"23":{"start":{"line":108,"column":4},"end":{"line":108,"column":50}},"24":{"start":{"line":109,"column":4},"end":{"line":112,"column":6}},"25":{"start":{"line":116,"column":0},"end":{"line":116,"column":23}}},"fnMap":{"0":{"name":"(anonymous_0)","decl":{"start":{"line":5,"column":27},"end":{"line":5,"column":28}},"loc":{"start":{"line":5,"column":47},"end":{"line":43,"column":1}},"line":5},"1":{"name":"(anonymous_1)","decl":{"start":{"line":45,"column":28},"end":{"line":45,"column":29}},"loc":{"start":{"line":45,"column":48},"end":{"line":114,"column":1}},"line":45},"2":{"name":"(anonymous_2)","decl":{"start":{"line":83,"column":32},"end":{"line":83,"column":33}},"loc":{"start":{"line":83,"column":38},"end":{"line":87,"column":11}},"line":83}},"branchMap":{"0":{"loc":{"start":{"line":49,"column":4},"end":{"line":54,"column":5}},"type":"if","locations":[{"start":{"line":49,"column":4},"end":{"line":54,"column":5}},{"start":{},"end":{}}],"line":49},"1":{"loc":{"start":{"line":49,"column":8},"end":{"line":49,"column":66}},"type":"binary-expr","locations":[{"start":{"line":49,"column":8},"end":{"line":49,"column":17}},{"start":{"line":49,"column":21},"end":{"line":49,"column":31}},{"start":{"line":49,"column":35},"end":{"line":49,"column":45}},{"start":{"line":49,"column":49},"end":{"line":49,"column":66}}],"line":49},"2":{"loc":{"start":{"line":59,"column":4},"end":{"line":64,"column":5}},"type":"if","locations":[{"start":{"line":59,"column":4},"end":{"line":64,"column":5}},{"start":{},"end":{}}],"line":59},"3":{"loc":{"start":{"line":69,"column":4},"end":{"line":74,"column":5}},"type":"if","locations":[{"start":{"line":69,"column":4},"end":{"line":74,"column":5}},{"start":{},"end":{}}],"line":69},"4":{"loc":{"start":{"line":78,"column":16},"end":{"line":78,"column":37}},"type":"binary-expr","locations":[{"start":{"line":78,"column":16},"end":{"line":78,"column":22}},{"start":{"line":78,"column":26},"end":{"line":78,"column":37}}],"line":78},"5":{"loc":{"start":{"line":85,"column":22},"end":{"line":85,"column":37}},"type":"binary-expr","locations":[{"start":{"line":85,"column":22},"end":{"line":85,"column":32}},{"start":{"line":85,"column":36},"end":{"line":85,"column":37}}],"line":85},"6":{"loc":{"start":{"line":86,"column":19},"end":{"line":86,"column":31}},"type":"binary-expr","locations":[{"start":{"line":86,"column":19},"end":{"line":86,"column":26}},{"start":{"line":86,"column":30},"end":{"line":86,"column":31}}],"line":86}},"s":{"0":5,"1":5,"2":5,"3":5,"4":3,"5":3,"6":3,"7":0,"8":0,"9":5,"10":6,"11":6,"12":6,"13":3,"14":3,"15":3,"16":1,"17":2,"18":2,"19":1,"20":1,"21":1,"22":1,"23":0,"24":0,"25":5},"f":{"0":3,"1":6,"2":1},"b":{"0":[3,3],"1":[6,5,5,5],"2":[1,2],"3":[1,1],"4":[1,1],"5":[1,0],"6":[1,0]},"_coverageSchema":"1a1c01bbd47fc00a2c39e90264f33305004495a9","hash":"238fe10fe2a7cdd67432e797d457f4780c770e15"}
,"/home/samuel/Documentos/LooksyBackend/looksy-backend/src/routes/preference.routes.js": {"path":"/home/samuel/Documentos/LooksyBackend/looksy-backend/src/routes/preference.routes.js","statementMap":{"0":{"start":{"line":1,"column":16},"end":{"line":1,"column":34}},"1":{"start":{"line":2,"column":15},"end":{"line":2,"column":31}},"2":{"start":{"line":3,"column":15},"end":{"line":3,"column":39}},"3":{"start":{"line":5,"column":0},"end":{"line":78,"column":2}},"4":{"start":{"line":6,"column":2},"end":{"line":77,"column":3}},"5":{"start":{"line":7,"column":26},"end":{"line":7,"column":36}},"6":{"start":{"line":9,"column":20},"end":{"line":11,"column":6}},"7":{"start":{"line":13,"column":4},"end":{"line":18,"column":5}},"8":{"start":{"line":14,"column":6},"end":{"line":17,"column":8}},"9":{"start":{"line":20,"column":4},"end":{"line":27,"column":5}},"10":{"start":{"line":21,"column":6},"end":{"line":26,"column":8}},"11":{"start":{"line":29,"column":21},"end":{"line":32,"column":22}},"12":{"start":{"line":31,"column":16},"end":{"line":31,"column":24}},"13":{"start":{"line":34,"column":24},"end":{"line":39,"column":7}},"14":{"start":{"line":34,"column":49},"end":{"line":39,"column":5}},"15":{"start":{"line":41,"column":22},"end":{"line":61,"column":6}},"16":{"start":{"line":63,"column":4},"end":{"line":70,"column":6}},"17":{"start":{"line":72,"column":4},"end":{"line":72,"column":71}},"18":{"start":{"line":73,"column":4},"end":{"line":76,"column":6}},"19":{"start":{"line":80,"column":0},"end":{"line":80,"column":23}}},"fnMap":{"0":{"name":"(anonymous_0)","decl":{"start":{"line":5,"column":56},"end":{"line":5,"column":57}},"loc":{"start":{"line":5,"column":76},"end":{"line":78,"column":1}},"line":5},"1":{"name":"(anonymous_1)","decl":{"start":{"line":31,"column":11},"end":{"line":31,"column":12}},"loc":{"start":{"line":31,"column":16},"end":{"line":31,"column":24}},"line":31},"2":{"name":"(anonymous_2)","decl":{"start":{"line":34,"column":37},"end":{"line":34,"column":38}},"loc":{"start":{"line":34,"column":49},"end":{"line":39,"column":5}},"line":34}},"branchMap":{"0":{"loc":{"start":{"line":13,"column":4},"end":{"line":18,"column":5}},"type":"if","locations":[{"start":{"line":13,"column":4},"end":{"line":18,"column":5}},{"start":{},"end":{}}],"line":13},"1":{"loc":{"start":{"line":20,"column":4},"end":{"line":27,"column":5}},"type":"if","locations":[{"start":{"line":20,"column":4},"end":{"line":27,"column":5}},{"start":{},"end":{}}],"line":20}},"s":{"0":5,"1":5,"2":5,"3":5,"4":2,"5":2,"6":2,"7":2,"8":1,"9":1,"10":1,"11":0,"12":0,"13":0,"14":0,"15":0,"16":0,"17":0,"18":0,"19":5},"f":{"0":2,"1":0,"2":0},"b":{"0":[1,1],"1":[1,0]},"_coverageSchema":"1a1c01bbd47fc00a2c39e90264f33305004495a9","hash":"e786e5aaa4433f43739f0c8d2e012c59e0b59bf9"}
,"/home/samuel/Documentos/LooksyBackend/looksy-backend/src/routes/product.routes.js": {"path":"/home/samuel/Documentos/LooksyBackend/looksy-backend/src/routes/product.routes.js","statementMap":{"0":{"start":{"line":1,"column":16},"end":{"line":1,"column":34}},"1":{"start":{"line":2,"column":15},"end":{"line":2,"column":31}},"2":{"start":{"line":3,"column":15},"end":{"line":3,"column":39}},"3":{"start":{"line":5,"column":0},"end":{"line":39,"column":2}},"4":{"start":{"line":6,"column":2},"end":{"line":38,"column":3}},"5":{"start":{"line":7,"column":22},"end":{"line":29,"column":6}},"6":{"start":{"line":31,"column":4},"end":{"line":31,"column":52}},"7":{"start":{"line":33,"column":4},"end":{"line":33,"column":55}},"8":{"start":{"line":34,"column":4},"end":{"line":37,"column":6}},"9":{"start":{"line":41,"column":0},"end":{"line":102,"column":2}},"10":{"start":{"line":42,"column":2},"end":{"line":101,"column":3}},"11":{"start":{"line":43,"column":84},"end":{"line":43,"column":92}},"12":{"start":{"line":45,"column":4},"end":{"line":50,"column":5}},"13":{"start":{"line":46,"column":6},"end":{"line":49,"column":8}},"14":{"start":{"line":52,"column":19},"end":{"line":54,"column":6}},"15":{"start":{"line":55,"column":4},"end":{"line":60,"column":5}},"16":{"start":{"line":56,"column":6},"end":{"line":59,"column":8}},"17":{"start":{"line":62,"column":21},"end":{"line":92,"column":6}},"18":{"start":{"line":72,"column":51},"end":{"line":74,"column":15}},"19":{"start":{"line":94,"column":4},"end":{"line":94,"column":38}},"20":{"start":{"line":96,"column":4},"end":{"line":96,"column":52}},"21":{"start":{"line":97,"column":4},"end":{"line":100,"column":6}},"22":{"start":{"line":104,"column":0},"end":{"line":150,"column":2}},"23":{"start":{"line":105,"column":2},"end":{"line":149,"column":3}},"24":{"start":{"line":106,"column":25},"end":{"line":106,"column":35}},"25":{"start":{"line":108,"column":19},"end":{"line":110,"column":6}},"26":{"start":{"line":112,"column":4},"end":{"line":117,"column":5}},"27":{"start":{"line":113,"column":6},"end":{"line":116,"column":8}},"28":{"start":{"line":119,"column":22},"end":{"line":133,"column":6}},"29":{"start":{"line":135,"column":4},"end":{"line":142,"column":6}},"30":{"start":{"line":144,"column":4},"end":{"line":144,"column":68}},"31":{"start":{"line":145,"column":4},"end":{"line":148,"column":6}},"32":{"start":{"line":152,"column":0},"end":{"line":220,"column":2}},"33":{"start":{"line":153,"column":2},"end":{"line":219,"column":3}},"34":{"start":{"line":154,"column":27},"end":{"line":154,"column":37}},"35":{"start":{"line":155,"column":84},"end":{"line":155,"column":92}},"36":{"start":{"line":157,"column":21},"end":{"line":159,"column":6}},"37":{"start":{"line":161,"column":4},"end":{"line":166,"column":5}},"38":{"start":{"line":162,"column":6},"end":{"line":165,"column":8}},"39":{"start":{"line":168,"column":4},"end":{"line":178,"column":5}},"40":{"start":{"line":169,"column":21},"end":{"line":171,"column":8}},"41":{"start":{"line":172,"column":6},"end":{"line":177,"column":7}},"42":{"start":{"line":173,"column":8},"end":{"line":176,"column":10}},"43":{"start":{"line":180,"column":32},"end":{"line":210,"column":6}},"44":{"start":{"line":192,"column":41},"end":{"line":192,"column":67}},"45":{"start":{"line":212,"column":4},"end":{"line":212,"column":47}},"46":{"start":{"line":214,"column":4},"end":{"line":214,"column":57}},"47":{"start":{"line":215,"column":4},"end":{"line":218,"column":6}},"48":{"start":{"line":222,"column":0},"end":{"line":252,"column":2}},"49":{"start":{"line":223,"column":2},"end":{"line":251,"column":3}},"50":{"start":{"line":224,"column":27},"end":{"line":224,"column":37}},"51":{"start":{"line":226,"column":21},"end":{"line":228,"column":6}},"52":{"start":{"line":230,"column":4},"end":{"line":235,"column":5}},"53":{"start":{"line":231,"column":6},"end":{"line":234,"column":8}},"54":{"start":{"line":237,"column":4},"end":{"line":239,"column":6}},"55":{"start":{"line":241,"column":4},"end":{"line":244,"column":6}},"56":{"start":{"line":246,"column":4},"end":{"line":246,"column":55}},"57":{"start":{"line":247,"column":4},"end":{"line":250,"column":6}},"58":{"start":{"line":254,"column":0},"end":{"line":254,"column":23}}},"fnMap":{"0":{"name":"(anonymous_0)","decl":{"start":{"line":5,"column":29},"end":{"line":5,"column":30}},"loc":{"start":{"line":5,"column":49},"end":{"line":39,"column":1}},"line":5},"1":{"name":"(anonymous_1)","decl":{"start":{"line":41,"column":30},"end":{"line":41,"column":31}},"loc":{"start":{"line":41,"column":50},"end":{"line":102,"column":1}},"line":41},"2":{"name":"(anonymous_2)","decl":{"start":{"line":72,"column":36},"end":{"line":72,"column":37}},"loc":{"start":{"line":72,"column":51},"end":{"line":74,"column":15}},"line":72},"3":{"name":"(anonymous_3)","decl":{"start":{"line":104,"column":47},"end":{"line":104,"column":48}},"loc":{"start":{"line":104,"column":67},"end":{"line":150,"column":1}},"line":104},"4":{"name":"(anonymous_4)","decl":{"start":{"line":152,"column":41},"end":{"line":152,"column":42}},"loc":{"start":{"line":152,"column":61},"end":{"line":220,"column":1}},"line":152},"5":{"name":"(anonymous_5)","decl":{"start":{"line":192,"column":34},"end":{"line":192,"column":35}},"loc":{"start":{"line":192,"column":41},"end":{"line":192,"column":67}},"line":192},"6":{"name":"(anonymous_6)","decl":{"start":{"line":222,"column":44},"end":{"line":222,"column":45}},"loc":{"start":{"line":222,"column":64},"end":{"line":252,"column":1}},"line":222}},"branchMap":{"0":{"loc":{"start":{"line":45,"column":4},"end":{"line":50,"column":5}},"type":"if","locations":[{"start":{"line":45,"column":4},"end":{"line":50,"column":5}},{"start":{},"end":{}}],"line":45},"1":{"loc":{"start":{"line":45,"column":8},"end":{"line":45,"column":39}},"type":"binary-expr","locations":[{"start":{"line":45,"column":8},"end":{"line":45,"column":15}},{"start":{"line":45,"column":19},"end":{"line":45,"column":26}},{"start":{"line":45,"column":30},"end":{"line":45,"column":39}}],"line":45},"2":{"loc":{"start":{"line":55,"column":4},"end":{"line":60,"column":5}},"type":"if","locations":[{"start":{"line":55,"column":4},"end":{"line":60,"column":5}},{"start":{},"end":{}}],"line":55},"3":{"loc":{"start":{"line":67,"column":15},"end":{"line":67,"column":25}},"type":"binary-expr","locations":[{"start":{"line":67,"column":15},"end":{"line":67,"column":20}},{"start":{"line":67,"column":24},"end":{"line":67,"column":25}}],"line":67},"4":{"loc":{"start":{"line":68,"column":20},"end":{"line":68,"column":64}},"type":"cond-expr","locations":[{"start":{"line":68,"column":47},"end":{"line":68,"column":57}},{"start":{"line":68,"column":60},"end":{"line":68,"column":64}}],"line":68},"5":{"loc":{"start":{"line":70,"column":19},"end":{"line":76,"column":21}},"type":"cond-expr","locations":[{"start":{"line":71,"column":12},"end":{"line":75,"column":13}},{"start":{"line":76,"column":12},"end":{"line":76,"column":21}}],"line":70},"6":{"loc":{"start":{"line":70,"column":19},"end":{"line":70,"column":48}},"type":"binary-expr","locations":[{"start":{"line":70,"column":19},"end":{"line":70,"column":28}},{"start":{"line":70,"column":32},"end":{"line":70,"column":48}}],"line":70},"7":{"loc":{"start":{"line":112,"column":4},"end":{"line":117,"column":5}},"type":"if","locations":[{"start":{"line":112,"column":4},"end":{"line":117,"column":5}},{"start":{},"end":{}}],"line":112},"8":{"loc":{"start":{"line":161,"column":4},"end":{"line":166,"column":5}},"type":"if","locations":[{"start":{"line":161,"column":4},"end":{"line":166,"column":5}},{"start":{},"end":{}}],"line":161},"9":{"loc":{"start":{"line":168,"column":4},"end":{"line":178,"column":5}},"type":"if","locations":[{"start":{"line":168,"column":4},"end":{"line":178,"column":5}},{"start":{},"end":{}}],"line":168},"10":{"loc":{"start":{"line":172,"column":6},"end":{"line":177,"column":7}},"type":"if","locations":[{"start":{"line":172,"column":6},"end":{"line":177,"column":7}},{"start":{},"end":{}}],"line":172},"11":{"loc":{"start":{"line":183,"column":12},"end":{"line":183,"column":46}},"type":"binary-expr","locations":[{"start":{"line":183,"column":12},"end":{"line":183,"column":32}},{"start":{"line":183,"column":36},"end":{"line":183,"column":46}}],"line":183},"12":{"loc":{"start":{"line":184,"column":12},"end":{"line":184,"column":56}},"type":"binary-expr","locations":[{"start":{"line":184,"column":12},"end":{"line":184,"column":37}},{"start":{"line":184,"column":41},"end":{"line":184,"column":56}}],"line":184},"13":{"loc":{"start":{"line":185,"column":12},"end":{"line":185,"column":46}},"type":"binary-expr","locations":[{"start":{"line":185,"column":12},"end":{"line":185,"column":32}},{"start":{"line":185,"column":36},"end":{"line":185,"column":46}}],"line":185},"14":{"loc":{"start":{"line":186,"column":12},"end":{"line":186,"column":44}},"type":"binary-expr","locations":[{"start":{"line":186,"column":12},"end":{"line":186,"column":31}},{"start":{"line":186,"column":35},"end":{"line":186,"column":44}}],"line":186},"15":{"loc":{"start":{"line":187,"column":12},"end":{"line":187,"column":54}},"type":"binary-expr","locations":[{"start":{"line":187,"column":12},"end":{"line":187,"column":36}},{"start":{"line":187,"column":40},"end":{"line":187,"column":54}}],"line":187},"16":{"loc":{"start":{"line":188,"column":12},"end":{"line":188,"column":68}},"type":"binary-expr","locations":[{"start":{"line":188,"column":12},"end":{"line":188,"column":34}},{"start":{"line":188,"column":38},"end":{"line":188,"column":68}}],"line":188},"17":{"loc":{"start":{"line":189,"column":12},"end":{"line":194,"column":9}},"type":"binary-expr","locations":[{"start":{"line":189,"column":12},"end":{"line":189,"column":35}},{"start":{"line":189,"column":39},"end":{"line":194,"column":9}}],"line":189},"18":{"loc":{"start":{"line":230,"column":4},"end":{"line":235,"column":5}},"type":"if","locations":[{"start":{"line":230,"column":4},"end":{"line":235,"column":5}},{"start":{},"end":{}}],"line":230}},"s":{"0":6,"1":6,"2":6,"3":6,"4":24,"5":24,"6":22,"7":2,"8":2,"9":6,"10":13,"11":13,"12":13,"13":4,"14":9,"15":8,"16":1,"17":7,"18":0,"19":7,"20":1,"21":1,"22":6,"23":5,"24":5,"25":5,"26":5,"27":3,"28":2,"29":2,"30":0,"31":0,"32":6,"33":0,"34":0,"35":0,"36":0,"37":0,"38":0,"39":0,"40":0,"41":0,"42":0,"43":0,"44":0,"45":0,"46":0,"47":0,"48":6,"49":0,"50":0,"51":0,"52":0,"53":0,"54":0,"55":0,"56":0,"57":0,"58":6},"f":{"0":24,"1":13,"2":0,"3":5,"4":0,"5":0,"6":0},"b":{"0":[4,9],"1":[13,10,9],"2":[1,7],"3":[7,6],"4":[0,7],"5":[0,7],"6":[7,0],"7":[3,2],"8":[0,0],"9":[0,0],"10":[0,0],"11":[0,0],"12":[0,0],"13":[0,0],"14":[0,0],"15":[0,0],"16":[0,0],"17":[0,0],"18":[0,0]},"_coverageSchema":"1a1c01bbd47fc00a2c39e90264f33305004495a9","hash":"4593f8212dd8146a34497990af6ee7bcbf4228e6"}
,"/home/samuel/Documentos/LooksyBackend/looksy-backend/src/routes/tienda.routes.js": {"path":"/home/samuel/Documentos/LooksyBackend/looksy-backend/src/routes/tienda.routes.js","statementMap":{"0":{"start":{"line":1,"column":16},"end":{"line":1,"column":34}},"1":{"start":{"line":2,"column":15},"end":{"line":2,"column":31}},"2":{"start":{"line":3,"column":15},"end":{"line":3,"column":39}},"3":{"start":{"line":5,"column":0},"end":{"line":29,"column":2}},"4":{"start":{"line":6,"column":2},"end":{"line":28,"column":3}},"5":{"start":{"line":7,"column":20},"end":{"line":19,"column":6}},"6":{"start":{"line":21,"column":4},"end":{"line":21,"column":48}},"7":{"start":{"line":23,"column":4},"end":{"line":23,"column":53}},"8":{"start":{"line":24,"column":4},"end":{"line":27,"column":6}},"9":{"start":{"line":31,"column":0},"end":{"line":76,"column":2}},"10":{"start":{"line":32,"column":2},"end":{"line":75,"column":3}},"11":{"start":{"line":33,"column":67},"end":{"line":33,"column":75}},"12":{"start":{"line":35,"column":4},"end":{"line":40,"column":5}},"13":{"start":{"line":36,"column":6},"end":{"line":39,"column":8}},"14":{"start":{"line":42,"column":18},"end":{"line":44,"column":6}},"15":{"start":{"line":45,"column":4},"end":{"line":50,"column":5}},"16":{"start":{"line":46,"column":6},"end":{"line":49,"column":8}},"17":{"start":{"line":52,"column":19},"end":{"line":66,"column":6}},"18":{"start":{"line":68,"column":4},"end":{"line":68,"column":36}},"19":{"start":{"line":70,"column":4},"end":{"line":70,"column":50}},"20":{"start":{"line":71,"column":4},"end":{"line":74,"column":6}},"21":{"start":{"line":78,"column":0},"end":{"line":108,"column":2}},"22":{"start":{"line":79,"column":2},"end":{"line":107,"column":3}},"23":{"start":{"line":80,"column":19},"end":{"line":80,"column":29}},"24":{"start":{"line":82,"column":19},"end":{"line":91,"column":6}},"25":{"start":{"line":93,"column":4},"end":{"line":98,"column":5}},"26":{"start":{"line":94,"column":6},"end":{"line":97,"column":8}},"27":{"start":{"line":100,"column":4},"end":{"line":100,"column":24}},"28":{"start":{"line":102,"column":4},"end":{"line":102,"column":52}},"29":{"start":{"line":103,"column":4},"end":{"line":106,"column":6}},"30":{"start":{"line":110,"column":0},"end":{"line":150,"column":2}},"31":{"start":{"line":111,"column":2},"end":{"line":149,"column":3}},"32":{"start":{"line":112,"column":19},"end":{"line":112,"column":29}},"33":{"start":{"line":113,"column":50},"end":{"line":113,"column":58}},"34":{"start":{"line":115,"column":28},"end":{"line":118,"column":6}},"35":{"start":{"line":119,"column":4},"end":{"line":124,"column":5}},"36":{"start":{"line":120,"column":6},"end":{"line":123,"column":8}},"37":{"start":{"line":126,"column":19},"end":{"line":140,"column":6}},"38":{"start":{"line":142,"column":4},"end":{"line":142,"column":24}},"39":{"start":{"line":144,"column":4},"end":{"line":144,"column":55}},"40":{"start":{"line":145,"column":4},"end":{"line":148,"column":6}},"41":{"start":{"line":152,"column":0},"end":{"line":152,"column":23}}},"fnMap":{"0":{"name":"(anonymous_0)","decl":{"start":{"line":5,"column":27},"end":{"line":5,"column":28}},"loc":{"start":{"line":5,"column":47},"end":{"line":29,"column":1}},"line":5},"1":{"name":"(anonymous_1)","decl":{"start":{"line":31,"column":28},"end":{"line":31,"column":29}},"loc":{"start":{"line":31,"column":48},"end":{"line":76,"column":1}},"line":31},"2":{"name":"(anonymous_2)","decl":{"start":{"line":78,"column":31},"end":{"line":78,"column":32}},"loc":{"start":{"line":78,"column":51},"end":{"line":108,"column":1}},"line":78},"3":{"name":"(anonymous_3)","decl":{"start":{"line":110,"column":31},"end":{"line":110,"column":32}},"loc":{"start":{"line":110,"column":51},"end":{"line":150,"column":1}},"line":110}},"branchMap":{"0":{"loc":{"start":{"line":35,"column":4},"end":{"line":40,"column":5}},"type":"if","locations":[{"start":{"line":35,"column":4},"end":{"line":40,"column":5}},{"start":{},"end":{}}],"line":35},"1":{"loc":{"start":{"line":35,"column":8},"end":{"line":35,"column":68}},"type":"binary-expr","locations":[{"start":{"line":35,"column":8},"end":{"line":35,"column":21}},{"start":{"line":35,"column":25},"end":{"line":35,"column":35}},{"start":{"line":35,"column":39},"end":{"line":35,"column":48}},{"start":{"line":35,"column":52},"end":{"line":35,"column":68}}],"line":35},"2":{"loc":{"start":{"line":45,"column":4},"end":{"line":50,"column":5}},"type":"if","locations":[{"start":{"line":45,"column":4},"end":{"line":50,"column":5}},{"start":{},"end":{}}],"line":45},"3":{"loc":{"start":{"line":93,"column":4},"end":{"line":98,"column":5}},"type":"if","locations":[{"start":{"line":93,"column":4},"end":{"line":98,"column":5}},{"start":{},"end":{}}],"line":93},"4":{"loc":{"start":{"line":119,"column":4},"end":{"line":124,"column":5}},"type":"if","locations":[{"start":{"line":119,"column":4},"end":{"line":124,"column":5}},{"start":{},"end":{}}],"line":119},"5":{"loc":{"start":{"line":129,"column":12},"end":{"line":129,"column":58}},"type":"binary-expr","locations":[{"start":{"line":129,"column":12},"end":{"line":129,"column":38}},{"start":{"line":129,"column":42},"end":{"line":129,"column":58}}],"line":129},"6":{"loc":{"start":{"line":130,"column":12},"end":{"line":130,"column":52}},"type":"binary-expr","locations":[{"start":{"line":130,"column":12},"end":{"line":130,"column":35}},{"start":{"line":130,"column":39},"end":{"line":130,"column":52}}],"line":130},"7":{"loc":{"start":{"line":131,"column":12},"end":{"line":131,"column":50}},"type":"binary-expr","locations":[{"start":{"line":131,"column":12},"end":{"line":131,"column":34}},{"start":{"line":131,"column":38},"end":{"line":131,"column":50}}],"line":131}},"s":{"0":5,"1":5,"2":5,"3":5,"4":13,"5":13,"6":13,"7":0,"8":0,"9":5,"10":5,"11":5,"12":5,"13":1,"14":4,"15":4,"16":1,"17":3,"18":3,"19":0,"20":0,"21":5,"22":0,"23":0,"24":0,"25":0,"26":0,"27":0,"28":0,"29":0,"30":5,"31":0,"32":0,"33":0,"34":0,"35":0,"36":0,"37":0,"38":0,"39":0,"40":0,"41":5},"f":{"0":13,"1":5,"2":0,"3":0},"b":{"0":[1,4],"1":[5,4,4,4],"2":[1,3],"3":[0,0],"4":[0,0],"5":[0,0],"6":[0,0],"7":[0,0]},"_coverageSchema":"1a1c01bbd47fc00a2c39e90264f33305004495a9","hash":"e51dd8b2b14a6d81cd1e148d3bb59b49f50e8124"}
,"/home/samuel/Documentos/LooksyBackend/looksy-backend/src/routes/user.routes.js": {"path":"/home/samuel/Documentos/LooksyBackend/looksy-backend/src/routes/user.routes.js","statementMap":{"0":{"start":{"line":1,"column":16},"end":{"line":1,"column":34}},"1":{"start":{"line":2,"column":15},"end":{"line":2,"column":31}},"2":{"start":{"line":3,"column":15},"end":{"line":3,"column":34}},"3":{"start":{"line":4,"column":15},"end":{"line":4,"column":39}},"4":{"start":{"line":6,"column":0},"end":{"line":43,"column":2}},"5":{"start":{"line":7,"column":2},"end":{"line":42,"column":3}},"6":{"start":{"line":8,"column":18},"end":{"line":8,"column":27}},"7":{"start":{"line":10,"column":4},"end":{"line":15,"column":5}},"8":{"start":{"line":11,"column":6},"end":{"line":14,"column":8}},"9":{"start":{"line":17,"column":21},"end":{"line":30,"column":6}},"10":{"start":{"line":32,"column":4},"end":{"line":35,"column":6}},"11":{"start":{"line":37,"column":4},"end":{"line":37,"column":53}},"12":{"start":{"line":38,"column":4},"end":{"line":41,"column":6}},"13":{"start":{"line":45,"column":0},"end":{"line":90,"column":2}},"14":{"start":{"line":46,"column":2},"end":{"line":89,"column":3}},"15":{"start":{"line":47,"column":48},"end":{"line":47,"column":56}},"16":{"start":{"line":49,"column":4},"end":{"line":54,"column":5}},"17":{"start":{"line":50,"column":6},"end":{"line":53,"column":8}},"18":{"start":{"line":56,"column":19},"end":{"line":56,"column":73}},"19":{"start":{"line":57,"column":4},"end":{"line":62,"column":5}},"20":{"start":{"line":58,"column":6},"end":{"line":61,"column":8}},"21":{"start":{"line":64,"column":17},"end":{"line":64,"column":41}},"22":{"start":{"line":65,"column":17},"end":{"line":65,"column":52}},"23":{"start":{"line":67,"column":20},"end":{"line":80,"column":6}},"24":{"start":{"line":82,"column":4},"end":{"line":82,"column":37}},"25":{"start":{"line":84,"column":4},"end":{"line":84,"column":51}},"26":{"start":{"line":85,"column":4},"end":{"line":88,"column":6}},"27":{"start":{"line":92,"column":0},"end":{"line":121,"column":2}},"28":{"start":{"line":93,"column":2},"end":{"line":120,"column":3}},"29":{"start":{"line":94,"column":19},"end":{"line":94,"column":29}},"30":{"start":{"line":96,"column":20},"end":{"line":104,"column":6}},"31":{"start":{"line":106,"column":4},"end":{"line":111,"column":5}},"32":{"start":{"line":107,"column":6},"end":{"line":110,"column":8}},"33":{"start":{"line":113,"column":4},"end":{"line":113,"column":25}},"34":{"start":{"line":115,"column":4},"end":{"line":115,"column":53}},"35":{"start":{"line":116,"column":4},"end":{"line":119,"column":6}},"36":{"start":{"line":123,"column":0},"end":{"line":169,"column":2}},"37":{"start":{"line":124,"column":2},"end":{"line":168,"column":3}},"38":{"start":{"line":125,"column":19},"end":{"line":125,"column":29}},"39":{"start":{"line":126,"column":31},"end":{"line":126,"column":39}},"40":{"start":{"line":128,"column":4},"end":{"line":133,"column":5}},"41":{"start":{"line":129,"column":6},"end":{"line":132,"column":8}},"42":{"start":{"line":135,"column":26},"end":{"line":137,"column":6}},"43":{"start":{"line":138,"column":4},"end":{"line":143,"column":5}},"44":{"start":{"line":139,"column":6},"end":{"line":142,"column":8}},"45":{"start":{"line":145,"column":4},"end":{"line":153,"column":5}},"46":{"start":{"line":146,"column":21},"end":{"line":146,"column":75}},"47":{"start":{"line":147,"column":6},"end":{"line":152,"column":7}},"48":{"start":{"line":148,"column":8},"end":{"line":151,"column":10}},"49":{"start":{"line":155,"column":20},"end":{"line":159,"column":6}},"50":{"start":{"line":161,"column":4},"end":{"line":161,"column":25}},"51":{"start":{"line":163,"column":4},"end":{"line":163,"column":56}},"52":{"start":{"line":164,"column":4},"end":{"line":167,"column":6}},"53":{"start":{"line":171,"column":0},"end":{"line":225,"column":2}},"54":{"start":{"line":172,"column":2},"end":{"line":224,"column":3}},"55":{"start":{"line":173,"column":19},"end":{"line":173,"column":29}},"56":{"start":{"line":174,"column":50},"end":{"line":174,"column":58}},"57":{"start":{"line":176,"column":4},"end":{"line":181,"column":5}},"58":{"start":{"line":177,"column":6},"end":{"line":180,"column":8}},"59":{"start":{"line":183,"column":4},"end":{"line":188,"column":5}},"60":{"start":{"line":184,"column":6},"end":{"line":187,"column":8}},"61":{"start":{"line":190,"column":20},"end":{"line":193,"column":6}},"62":{"start":{"line":194,"column":4},"end":{"line":199,"column":5}},"63":{"start":{"line":195,"column":6},"end":{"line":198,"column":8}},"64":{"start":{"line":201,"column":19},"end":{"line":201,"column":77}},"65":{"start":{"line":202,"column":4},"end":{"line":207,"column":5}},"66":{"start":{"line":203,"column":6},"end":{"line":206,"column":8}},"67":{"start":{"line":209,"column":17},"end":{"line":209,"column":41}},"68":{"start":{"line":210,"column":17},"end":{"line":210,"column":57}},"69":{"start":{"line":212,"column":4},"end":{"line":215,"column":6}},"70":{"start":{"line":217,"column":4},"end":{"line":217,"column":64}},"71":{"start":{"line":219,"column":4},"end":{"line":219,"column":56}},"72":{"start":{"line":220,"column":4},"end":{"line":223,"column":6}},"73":{"start":{"line":227,"column":0},"end":{"line":227,"column":23}}},"fnMap":{"0":{"name":"(anonymous_0)","decl":{"start":{"line":6,"column":28},"end":{"line":6,"column":29}},"loc":{"start":{"line":6,"column":48},"end":{"line":43,"column":1}},"line":6},"1":{"name":"(anonymous_1)","decl":{"start":{"line":45,"column":29},"end":{"line":45,"column":30}},"loc":{"start":{"line":45,"column":49},"end":{"line":90,"column":1}},"line":45},"2":{"name":"(anonymous_2)","decl":{"start":{"line":92,"column":32},"end":{"line":92,"column":33}},"loc":{"start":{"line":92,"column":52},"end":{"line":121,"column":1}},"line":92},"3":{"name":"(anonymous_3)","decl":{"start":{"line":123,"column":32},"end":{"line":123,"column":33}},"loc":{"start":{"line":123,"column":52},"end":{"line":169,"column":1}},"line":123},"4":{"name":"(anonymous_4)","decl":{"start":{"line":171,"column":43},"end":{"line":171,"column":44}},"loc":{"start":{"line":171,"column":63},"end":{"line":225,"column":1}},"line":171}},"branchMap":{"0":{"loc":{"start":{"line":10,"column":4},"end":{"line":15,"column":5}},"type":"if","locations":[{"start":{"line":10,"column":4},"end":{"line":15,"column":5}},{"start":{},"end":{}}],"line":10},"1":{"loc":{"start":{"line":10,"column":8},"end":{"line":10,"column":35}},"type":"binary-expr","locations":[{"start":{"line":10,"column":8},"end":{"line":10,"column":10}},{"start":{"line":10,"column":14},"end":{"line":10,"column":35}}],"line":10},"2":{"loc":{"start":{"line":49,"column":4},"end":{"line":54,"column":5}},"type":"if","locations":[{"start":{"line":49,"column":4},"end":{"line":54,"column":5}},{"start":{},"end":{}}],"line":49},"3":{"loc":{"start":{"line":49,"column":8},"end":{"line":49,"column":41}},"type":"binary-expr","locations":[{"start":{"line":49,"column":8},"end":{"line":49,"column":15}},{"start":{"line":49,"column":19},"end":{"line":49,"column":26}},{"start":{"line":49,"column":30},"end":{"line":49,"column":41}}],"line":49},"4":{"loc":{"start":{"line":57,"column":4},"end":{"line":62,"column":5}},"type":"if","locations":[{"start":{"line":57,"column":4},"end":{"line":62,"column":5}},{"start":{},"end":{}}],"line":57},"5":{"loc":{"start":{"line":72,"column":13},"end":{"line":72,"column":29}},"type":"binary-expr","locations":[{"start":{"line":72,"column":13},"end":{"line":72,"column":16}},{"start":{"line":72,"column":20},"end":{"line":72,"column":29}}],"line":72},"6":{"loc":{"start":{"line":106,"column":4},"end":{"line":111,"column":5}},"type":"if","locations":[{"start":{"line":106,"column":4},"end":{"line":111,"column":5}},{"start":{},"end":{}}],"line":106},"7":{"loc":{"start":{"line":128,"column":4},"end":{"line":133,"column":5}},"type":"if","locations":[{"start":{"line":128,"column":4},"end":{"line":133,"column":5}},{"start":{},"end":{}}],"line":128},"8":{"loc":{"start":{"line":128,"column":8},"end":{"line":128,"column":26}},"type":"binary-expr","locations":[{"start":{"line":128,"column":8},"end":{"line":128,"column":15}},{"start":{"line":128,"column":19},"end":{"line":128,"column":26}}],"line":128},"9":{"loc":{"start":{"line":138,"column":4},"end":{"line":143,"column":5}},"type":"if","locations":[{"start":{"line":138,"column":4},"end":{"line":143,"column":5}},{"start":{},"end":{}}],"line":138},"10":{"loc":{"start":{"line":145,"column":4},"end":{"line":153,"column":5}},"type":"if","locations":[{"start":{"line":145,"column":4},"end":{"line":153,"column":5}},{"start":{},"end":{}}],"line":145},"11":{"loc":{"start":{"line":147,"column":6},"end":{"line":152,"column":7}},"type":"if","locations":[{"start":{"line":147,"column":6},"end":{"line":152,"column":7}},{"start":{},"end":{}}],"line":147},"12":{"loc":{"start":{"line":176,"column":4},"end":{"line":181,"column":5}},"type":"if","locations":[{"start":{"line":176,"column":4},"end":{"line":181,"column":5}},{"start":{},"end":{}}],"line":176},"13":{"loc":{"start":{"line":176,"column":8},"end":{"line":176,"column":45}},"type":"binary-expr","locations":[{"start":{"line":176,"column":8},"end":{"line":176,"column":25}},{"start":{"line":176,"column":29},"end":{"line":176,"column":45}}],"line":176},"14":{"loc":{"start":{"line":183,"column":4},"end":{"line":188,"column":5}},"type":"if","locations":[{"start":{"line":183,"column":4},"end":{"line":188,"column":5}},{"start":{},"end":{}}],"line":183},"15":{"loc":{"start":{"line":194,"column":4},"end":{"line":199,"column":5}},"type":"if","locations":[{"start":{"line":194,"column":4},"end":{"line":199,"column":5}},{"start":{},"end":{}}],"line":194},"16":{"loc":{"start":{"line":202,"column":4},"end":{"line":207,"column":5}},"type":"if","locations":[{"start":{"line":202,"column":4},"end":{"line":207,"column":5}},{"start":{},"end":{}}],"line":202}},"s":{"0":6,"1":6,"2":6,"3":6,"4":6,"5":15,"6":15,"7":15,"8":5,"9":10,"10":9,"11":1,"12":1,"13":6,"14":6,"15":6,"16":6,"17":1,"18":5,"19":5,"20":1,"21":4,"22":4,"23":4,"24":4,"25":0,"26":0,"27":6,"28":6,"29":6,"30":6,"31":6,"32":4,"33":2,"34":0,"35":0,"36":6,"37":0,"38":0,"39":0,"40":0,"41":0,"42":0,"43":0,"44":0,"45":0,"46":0,"47":0,"48":0,"49":0,"50":0,"51":0,"52":0,"53":6,"54":0,"55":0,"56":0,"57":0,"58":0,"59":0,"60":0,"61":0,"62":0,"63":0,"64":0,"65":0,"66":0,"67":0,"68":0,"69":0,"70":0,"71":0,"72":0,"73":6},"f":{"0":15,"1":6,"2":6,"3":0,"4":0},"b":{"0":[5,10],"1":[15,10],"2":[1,5],"3":[6,5,5],"4":[1,4],"5":[4,4],"6":[4,2],"7":[0,0],"8":[0,0],"9":[0,0],"10":[0,0],"11":[0,0],"12":[0,0],"13":[0,0],"14":[0,0],"15":[0,0],"16":[0,0]},"_coverageSchema":"1a1c01bbd47fc00a2c39e90264f33305004495a9","hash":"3bc5fc5453d76976afc1433f5749ca1eab1318b6"}
}
