TN:
SF:app.js
FN:25,(anonymous_0)
FN:29,(anonymous_1)
FNF:2
FNH:2
FNDA:2,(anonymous_0)
FNDA:5,(anonymous_1)
DA:1,5
DA:2,5
DA:3,5
DA:5,5
DA:7,5
DA:8,5
DA:9,5
DA:10,5
DA:11,5
DA:12,5
DA:13,5
DA:14,5
DA:16,5
DA:17,5
DA:18,5
DA:19,5
DA:20,5
DA:21,5
DA:22,5
DA:23,5
DA:25,5
DA:26,2
DA:29,5
DA:30,5
DA:33,5
LF:25
LH:25
BRF:0
BRH:0
end_of_record
TN:
SF:src/routes/atuendo.routes.js
FN:5,(anonymous_0)
FN:32,(anonymous_1)
FNF:2
FNH:2
FNDA:3,(anonymous_0)
FNDA:4,(anonymous_1)
DA:1,5
DA:2,5
DA:3,5
DA:5,5
DA:6,3
DA:7,3
DA:22,3
DA:24,0
DA:25,0
DA:32,5
DA:33,4
DA:34,4
DA:36,4
DA:37,1
DA:43,3
DA:46,3
DA:47,1
DA:53,2
DA:70,2
DA:72,0
DA:73,0
DA:80,5
LF:22
LH:18
BRDA:36,0,0,1
BRDA:36,0,1,3
BRDA:36,1,0,4
BRDA:36,1,1,3
BRDA:46,2,0,1
BRDA:46,2,1,2
BRF:6
BRH:6
end_of_record
TN:
SF:src/routes/auth.routes.js
FN:10,(anonymous_0)
FN:63,(anonymous_1)
FNF:2
FNH:2
FNDA:22,(anonymous_0)
FNDA:10,(anonymous_1)
DA:1,6
DA:2,6
DA:3,6
DA:4,6
DA:5,6
DA:7,6
DA:8,6
DA:10,6
DA:11,22
DA:12,22
DA:14,22
DA:15,4
DA:21,18
DA:22,16
DA:23,2
DA:29,14
DA:30,14
DA:32,14
DA:47,14
DA:53,14
DA:55,2
DA:56,2
DA:63,6
DA:64,10
DA:65,10
DA:67,10
DA:68,1
DA:74,9
DA:85,9
DA:86,2
DA:92,7
DA:93,7
DA:94,2
DA:100,5
DA:106,5
DA:116,0
DA:117,0
DA:124,6
LF:38
LH:36
BRDA:7,0,0,6
BRDA:7,0,1,6
BRDA:14,1,0,4
BRDA:14,1,1,18
BRDA:14,2,0,22
BRDA:14,2,1,18
BRDA:14,2,2,18
BRDA:22,3,0,2
BRDA:22,3,1,14
BRDA:37,4,0,14
BRDA:37,4,1,13
BRDA:67,5,0,1
BRDA:67,5,1,9
BRDA:67,6,0,10
BRDA:67,6,1,9
BRDA:85,7,0,2
BRDA:85,7,1,7
BRDA:93,8,0,2
BRDA:93,8,1,5
BRF:19
BRH:19
end_of_record
TN:
SF:src/routes/etiqueta.routes.js
FN:5,(anonymous_0)
FN:28,(anonymous_1)
FNF:2
FNH:2
FNDA:4,(anonymous_0)
FNDA:10,(anonymous_1)
DA:1,5
DA:2,5
DA:3,5
DA:5,5
DA:6,4
DA:7,4
DA:18,4
DA:20,0
DA:21,0
DA:28,5
DA:29,10
DA:30,10
DA:32,10
DA:33,2
DA:39,8
DA:40,8
DA:41,2
DA:47,6
DA:52,6
DA:54,0
DA:55,0
DA:62,5
LF:22
LH:18
BRDA:32,0,0,2
BRDA:32,0,1,8
BRDA:40,1,0,2
BRDA:40,1,1,6
BRF:4
BRH:4
end_of_record
TN:
SF:src/routes/pedido.routes.js
FN:5,(anonymous_0)
FN:45,(anonymous_1)
FN:83,(anonymous_2)
FNF:3
FNH:3
FNDA:3,(anonymous_0)
FNDA:6,(anonymous_1)
FNDA:1,(anonymous_2)
DA:1,5
DA:2,5
DA:3,5
DA:5,5
DA:6,3
DA:7,3
DA:35,3
DA:37,0
DA:38,0
DA:45,5
DA:46,6
DA:47,6
DA:49,6
DA:50,3
DA:56,3
DA:59,3
DA:60,1
DA:66,2
DA:69,2
DA:70,1
DA:76,1
DA:83,1
DA:106,1
DA:108,0
DA:109,0
DA:116,5
LF:26
LH:22
BRDA:49,0,0,3
BRDA:49,0,1,3
BRDA:49,1,0,6
BRDA:49,1,1,5
BRDA:49,1,2,5
BRDA:49,1,3,5
BRDA:59,2,0,1
BRDA:59,2,1,2
BRDA:69,3,0,1
BRDA:69,3,1,1
BRDA:78,4,0,1
BRDA:78,4,1,1
BRDA:85,5,0,1
BRDA:85,5,1,0
BRDA:86,6,0,1
BRDA:86,6,1,0
BRF:16
BRH:14
end_of_record
TN:
SF:src/routes/preference.routes.js
FN:5,(anonymous_0)
FN:31,(anonymous_1)
FN:34,(anonymous_2)
FNF:3
FNH:1
FNDA:2,(anonymous_0)
FNDA:0,(anonymous_1)
FNDA:0,(anonymous_2)
DA:1,5
DA:2,5
DA:3,5
DA:5,5
DA:6,2
DA:7,2
DA:9,2
DA:13,2
DA:14,1
DA:20,1
DA:21,1
DA:29,0
DA:31,0
DA:34,0
DA:41,0
DA:63,0
DA:72,0
DA:73,0
DA:80,5
LF:19
LH:12
BRDA:13,0,0,1
BRDA:13,0,1,1
BRDA:20,1,0,1
BRDA:20,1,1,0
BRF:4
BRH:3
end_of_record
TN:
SF:src/routes/product.routes.js
FN:5,(anonymous_0)
FN:41,(anonymous_1)
FN:72,(anonymous_2)
FN:104,(anonymous_3)
FN:152,(anonymous_4)
FN:192,(anonymous_5)
FN:222,(anonymous_6)
FNF:7
FNH:3
FNDA:24,(anonymous_0)
FNDA:13,(anonymous_1)
FNDA:0,(anonymous_2)
FNDA:5,(anonymous_3)
FNDA:0,(anonymous_4)
FNDA:0,(anonymous_5)
FNDA:0,(anonymous_6)
DA:1,6
DA:2,6
DA:3,6
DA:5,6
DA:6,24
DA:7,24
DA:31,22
DA:33,2
DA:34,2
DA:41,6
DA:42,13
DA:43,13
DA:45,13
DA:46,4
DA:52,9
DA:55,8
DA:56,1
DA:62,7
DA:72,0
DA:94,7
DA:96,1
DA:97,1
DA:104,6
DA:105,5
DA:106,5
DA:108,5
DA:112,5
DA:113,3
DA:119,2
DA:135,2
DA:144,0
DA:145,0
DA:152,6
DA:153,0
DA:154,0
DA:155,0
DA:157,0
DA:161,0
DA:162,0
DA:168,0
DA:169,0
DA:172,0
DA:173,0
DA:180,0
DA:192,0
DA:212,0
DA:214,0
DA:215,0
DA:222,6
DA:223,0
DA:224,0
DA:226,0
DA:230,0
DA:231,0
DA:237,0
DA:241,0
DA:246,0
DA:247,0
DA:254,6
LF:59
LH:32
BRDA:45,0,0,4
BRDA:45,0,1,9
BRDA:45,1,0,13
BRDA:45,1,1,10
BRDA:45,1,2,9
BRDA:55,2,0,1
BRDA:55,2,1,7
BRDA:67,3,0,7
BRDA:67,3,1,6
BRDA:68,4,0,0
BRDA:68,4,1,7
BRDA:70,5,0,0
BRDA:70,5,1,7
BRDA:70,6,0,7
BRDA:70,6,1,0
BRDA:112,7,0,3
BRDA:112,7,1,2
BRDA:161,8,0,0
BRDA:161,8,1,0
BRDA:168,9,0,0
BRDA:168,9,1,0
BRDA:172,10,0,0
BRDA:172,10,1,0
BRDA:183,11,0,0
BRDA:183,11,1,0
BRDA:184,12,0,0
BRDA:184,12,1,0
BRDA:185,13,0,0
BRDA:185,13,1,0
BRDA:186,14,0,0
BRDA:186,14,1,0
BRDA:187,15,0,0
BRDA:187,15,1,0
BRDA:188,16,0,0
BRDA:188,16,1,0
BRDA:189,17,0,0
BRDA:189,17,1,0
BRDA:230,18,0,0
BRDA:230,18,1,0
BRF:39
BRH:14
end_of_record
TN:
SF:src/routes/tienda.routes.js
FN:5,(anonymous_0)
FN:31,(anonymous_1)
FN:78,(anonymous_2)
FN:110,(anonymous_3)
FNF:4
FNH:2
FNDA:13,(anonymous_0)
FNDA:5,(anonymous_1)
FNDA:0,(anonymous_2)
FNDA:0,(anonymous_3)
DA:1,5
DA:2,5
DA:3,5
DA:5,5
DA:6,13
DA:7,13
DA:21,13
DA:23,0
DA:24,0
DA:31,5
DA:32,5
DA:33,5
DA:35,5
DA:36,1
DA:42,4
DA:45,4
DA:46,1
DA:52,3
DA:68,3
DA:70,0
DA:71,0
DA:78,5
DA:79,0
DA:80,0
DA:82,0
DA:93,0
DA:94,0
DA:100,0
DA:102,0
DA:103,0
DA:110,5
DA:111,0
DA:112,0
DA:113,0
DA:115,0
DA:119,0
DA:120,0
DA:126,0
DA:142,0
DA:144,0
DA:145,0
DA:152,5
LF:42
LH:20
BRDA:35,0,0,1
BRDA:35,0,1,4
BRDA:35,1,0,5
BRDA:35,1,1,4
BRDA:35,1,2,4
BRDA:35,1,3,4
BRDA:45,2,0,1
BRDA:45,2,1,3
BRDA:93,3,0,0
BRDA:93,3,1,0
BRDA:119,4,0,0
BRDA:119,4,1,0
BRDA:129,5,0,0
BRDA:129,5,1,0
BRDA:130,6,0,0
BRDA:130,6,1,0
BRDA:131,7,0,0
BRDA:131,7,1,0
BRF:18
BRH:8
end_of_record
TN:
SF:src/routes/user.routes.js
FN:6,(anonymous_0)
FN:45,(anonymous_1)
FN:92,(anonymous_2)
FN:123,(anonymous_3)
FN:171,(anonymous_4)
FNF:5
FNH:3
FNDA:15,(anonymous_0)
FNDA:6,(anonymous_1)
FNDA:6,(anonymous_2)
FNDA:0,(anonymous_3)
FNDA:0,(anonymous_4)
DA:1,6
DA:2,6
DA:3,6
DA:4,6
DA:6,6
DA:7,15
DA:8,15
DA:10,15
DA:11,5
DA:17,10
DA:32,9
DA:37,1
DA:38,1
DA:45,6
DA:46,6
DA:47,6
DA:49,6
DA:50,1
DA:56,5
DA:57,5
DA:58,1
DA:64,4
DA:65,4
DA:67,4
DA:82,4
DA:84,0
DA:85,0
DA:92,6
DA:93,6
DA:94,6
DA:96,6
DA:106,6
DA:107,4
DA:113,2
DA:115,0
DA:116,0
DA:123,6
DA:124,0
DA:125,0
DA:126,0
DA:128,0
DA:129,0
DA:135,0
DA:138,0
DA:139,0
DA:145,0
DA:146,0
DA:147,0
DA:148,0
DA:155,0
DA:161,0
DA:163,0
DA:164,0
DA:171,6
DA:172,0
DA:173,0
DA:174,0
DA:176,0
DA:177,0
DA:183,0
DA:184,0
DA:190,0
DA:194,0
DA:195,0
DA:201,0
DA:202,0
DA:203,0
DA:209,0
DA:210,0
DA:212,0
DA:217,0
DA:219,0
DA:220,0
DA:227,6
LF:74
LH:35
BRDA:10,0,0,5
BRDA:10,0,1,10
BRDA:10,1,0,15
BRDA:10,1,1,10
BRDA:49,2,0,1
BRDA:49,2,1,5
BRDA:49,3,0,6
BRDA:49,3,1,5
BRDA:49,3,2,5
BRDA:57,4,0,1
BRDA:57,4,1,4
BRDA:72,5,0,4
BRDA:72,5,1,4
BRDA:106,6,0,4
BRDA:106,6,1,2
BRDA:128,7,0,0
BRDA:128,7,1,0
BRDA:128,8,0,0
BRDA:128,8,1,0
BRDA:138,9,0,0
BRDA:138,9,1,0
BRDA:145,10,0,0
BRDA:145,10,1,0
BRDA:147,11,0,0
BRDA:147,11,1,0
BRDA:176,12,0,0
BRDA:176,12,1,0
BRDA:176,13,0,0
BRDA:176,13,1,0
BRDA:183,14,0,0
BRDA:183,14,1,0
BRDA:194,15,0,0
BRDA:194,15,1,0
BRDA:202,16,0,0
BRDA:202,16,1,0
BRF:35
BRH:15
end_of_record
