TN:
SF:app.js
FN:25,(anonymous_0)
FN:29,(anonymous_1)
FNF:2
FNH:2
FNDA:1,(anonymous_0)
FNDA:1,(anonymous_1)
DA:1,1
DA:2,1
DA:3,1
DA:5,1
DA:7,1
DA:8,1
DA:9,1
DA:10,1
DA:11,1
DA:12,1
DA:13,1
DA:14,1
DA:16,1
DA:17,1
DA:18,1
DA:19,1
DA:20,1
DA:21,1
DA:22,1
DA:23,1
DA:25,1
DA:26,1
DA:29,1
DA:30,1
DA:33,1
LF:25
LH:25
BRF:0
BRH:0
end_of_record
TN:
SF:src/routes/atuendo.routes.js
FN:5,(anonymous_0)
FN:32,(anonymous_1)
FNF:2
FNH:2
FNDA:5,(anonymous_0)
FNDA:6,(anonymous_1)
DA:1,2
DA:2,2
DA:3,2
DA:5,2
DA:6,5
DA:7,5
DA:22,3
DA:24,2
DA:25,2
DA:32,2
DA:33,6
DA:34,6
DA:36,6
DA:37,2
DA:43,4
DA:46,3
DA:47,1
DA:53,2
DA:70,2
DA:72,1
DA:73,1
DA:80,2
LF:22
LH:22
BRDA:36,0,0,2
BRDA:36,0,1,4
BRDA:36,1,0,6
BRDA:36,1,1,5
BRDA:46,2,0,1
BRDA:46,2,1,2
BRF:6
BRH:6
end_of_record
TN:
SF:src/routes/auth.routes.js
FN:10,(anonymous_0)
FN:63,(anonymous_1)
FNF:2
FNH:2
FNDA:6,(anonymous_0)
FNDA:7,(anonymous_1)
DA:1,2
DA:2,2
DA:3,2
DA:4,2
DA:5,2
DA:7,2
DA:8,2
DA:10,2
DA:11,6
DA:12,6
DA:14,6
DA:15,2
DA:21,4
DA:22,3
DA:23,1
DA:29,2
DA:30,2
DA:32,2
DA:47,2
DA:53,2
DA:55,1
DA:56,1
DA:63,2
DA:64,7
DA:65,7
DA:67,7
DA:68,1
DA:74,6
DA:85,5
DA:86,2
DA:92,3
DA:93,3
DA:94,1
DA:100,2
DA:106,2
DA:116,1
DA:117,1
DA:124,2
LF:38
LH:38
BRDA:7,0,0,2
BRDA:7,0,1,2
BRDA:14,1,0,2
BRDA:14,1,1,4
BRDA:14,2,0,6
BRDA:14,2,1,4
BRDA:14,2,2,4
BRDA:22,3,0,1
BRDA:22,3,1,2
BRDA:37,4,0,2
BRDA:37,4,1,2
BRDA:67,5,0,1
BRDA:67,5,1,6
BRDA:67,6,0,7
BRDA:67,6,1,6
BRDA:85,7,0,2
BRDA:85,7,1,3
BRDA:93,8,0,1
BRDA:93,8,1,2
BRF:19
BRH:19
end_of_record
TN:
SF:src/routes/etiqueta.routes.js
FN:5,(anonymous_0)
FN:28,(anonymous_1)
FNF:2
FNH:2
FNDA:5,(anonymous_0)
FNDA:6,(anonymous_1)
DA:1,2
DA:2,2
DA:3,2
DA:5,2
DA:6,5
DA:7,5
DA:18,3
DA:20,2
DA:21,2
DA:28,2
DA:29,6
DA:30,6
DA:32,6
DA:33,2
DA:39,4
DA:40,3
DA:41,1
DA:47,2
DA:52,2
DA:54,1
DA:55,1
DA:62,2
LF:22
LH:22
BRDA:32,0,0,2
BRDA:32,0,1,4
BRDA:40,1,0,1
BRDA:40,1,1,2
BRF:4
BRH:4
end_of_record
TN:
SF:src/routes/pedido.routes.js
FN:5,(anonymous_0)
FN:45,(anonymous_1)
FN:83,(anonymous_2)
FNF:3
FNH:3
FNDA:5,(anonymous_0)
FNDA:9,(anonymous_1)
FNDA:3,(anonymous_2)
DA:1,2
DA:2,2
DA:3,2
DA:5,2
DA:6,5
DA:7,5
DA:35,3
DA:37,2
DA:38,2
DA:45,2
DA:46,9
DA:47,9
DA:49,9
DA:50,3
DA:56,6
DA:59,5
DA:60,1
DA:66,4
DA:69,4
DA:70,1
DA:76,3
DA:83,3
DA:106,3
DA:108,1
DA:109,1
DA:116,2
LF:26
LH:26
BRDA:49,0,0,3
BRDA:49,0,1,6
BRDA:49,1,0,9
BRDA:49,1,1,7
BRDA:49,1,2,7
BRDA:49,1,3,7
BRDA:59,2,0,1
BRDA:59,2,1,4
BRDA:69,3,0,1
BRDA:69,3,1,3
BRDA:78,4,0,3
BRDA:78,4,1,3
BRDA:85,5,0,3
BRDA:85,5,1,1
BRDA:86,6,0,3
BRDA:86,6,1,1
BRF:16
BRH:16
end_of_record
TN:
SF:src/routes/preference.routes.js
FN:5,(anonymous_0)
FN:31,(anonymous_1)
FN:34,(anonymous_2)
FNF:3
FNH:3
FNDA:7,(anonymous_0)
FNDA:6,(anonymous_1)
FNDA:3,(anonymous_2)
DA:1,2
DA:2,2
DA:3,2
DA:5,2
DA:6,7
DA:7,7
DA:9,7
DA:13,6
DA:14,2
DA:20,4
DA:21,1
DA:29,3
DA:31,6
DA:34,3
DA:41,3
DA:63,3
DA:72,1
DA:73,1
DA:80,2
LF:19
LH:19
BRDA:13,0,0,2
BRDA:13,0,1,4
BRDA:20,1,0,1
BRDA:20,1,1,3
BRF:4
BRH:4
end_of_record
TN:
SF:src/routes/product.routes.js
FN:5,(anonymous_0)
FN:41,(anonymous_1)
FN:72,(anonymous_2)
FN:104,(anonymous_3)
FN:152,(anonymous_4)
FN:192,(anonymous_5)
FN:222,(anonymous_6)
FNF:7
FNH:7
FNDA:5,(anonymous_0)
FNDA:8,(anonymous_1)
FNDA:1,(anonymous_2)
FNDA:3,(anonymous_3)
FNDA:8,(anonymous_4)
FNDA:1,(anonymous_5)
FNDA:5,(anonymous_6)
DA:1,2
DA:2,2
DA:3,2
DA:5,2
DA:6,5
DA:7,5
DA:31,3
DA:33,2
DA:34,2
DA:41,2
DA:42,8
DA:43,8
DA:45,8
DA:46,2
DA:52,6
DA:55,6
DA:56,1
DA:62,5
DA:72,1
DA:94,4
DA:96,1
DA:97,1
DA:104,2
DA:105,3
DA:106,3
DA:108,3
DA:112,2
DA:113,1
DA:119,1
DA:135,1
DA:144,1
DA:145,1
DA:152,2
DA:153,8
DA:154,8
DA:155,8
DA:157,8
DA:161,7
DA:162,2
DA:168,5
DA:169,2
DA:172,2
DA:173,1
DA:180,4
DA:192,1
DA:212,4
DA:214,1
DA:215,1
DA:222,2
DA:223,5
DA:224,5
DA:226,5
DA:230,4
DA:231,2
DA:237,2
DA:241,2
DA:246,1
DA:247,1
DA:254,2
LF:59
LH:59
BRDA:45,0,0,2
BRDA:45,0,1,6
BRDA:45,1,0,8
BRDA:45,1,1,7
BRDA:45,1,2,6
BRDA:55,2,0,1
BRDA:55,2,1,5
BRDA:67,3,0,5
BRDA:67,3,1,5
BRDA:68,4,0,1
BRDA:68,4,1,4
BRDA:70,5,0,1
BRDA:70,5,1,4
BRDA:70,6,0,5
BRDA:70,6,1,1
BRDA:112,7,0,1
BRDA:112,7,1,1
BRDA:161,8,0,2
BRDA:161,8,1,5
BRDA:168,9,0,2
BRDA:168,9,1,3
BRDA:172,10,0,1
BRDA:172,10,1,1
BRDA:183,11,0,4
BRDA:183,11,1,4
BRDA:184,12,0,4
BRDA:184,12,1,1
BRDA:185,13,0,4
BRDA:185,13,1,4
BRDA:186,14,0,4
BRDA:186,14,1,2
BRDA:187,15,0,4
BRDA:187,15,1,1
BRDA:188,16,0,4
BRDA:188,16,1,1
BRDA:189,17,0,4
BRDA:189,17,1,1
BRDA:230,18,0,2
BRDA:230,18,1,2
BRF:39
BRH:39
end_of_record
TN:
SF:src/routes/tienda.routes.js
FN:5,(anonymous_0)
FN:31,(anonymous_1)
FN:78,(anonymous_2)
FN:110,(anonymous_3)
FNF:4
FNH:4
FNDA:5,(anonymous_0)
FNDA:6,(anonymous_1)
FNDA:5,(anonymous_2)
FNDA:6,(anonymous_3)
DA:1,2
DA:2,2
DA:3,2
DA:5,2
DA:6,5
DA:7,5
DA:21,3
DA:23,2
DA:24,2
DA:31,2
DA:32,6
DA:33,6
DA:35,6
DA:36,2
DA:42,4
DA:45,3
DA:46,1
DA:52,2
DA:68,2
DA:70,1
DA:71,1
DA:78,2
DA:79,5
DA:80,5
DA:82,5
DA:93,4
DA:94,2
DA:100,2
DA:102,1
DA:103,1
DA:110,2
DA:111,6
DA:112,6
DA:113,6
DA:115,6
DA:119,5
DA:120,2
DA:126,3
DA:142,3
DA:144,1
DA:145,1
DA:152,2
LF:42
LH:42
BRDA:35,0,0,2
BRDA:35,0,1,4
BRDA:35,1,0,6
BRDA:35,1,1,5
BRDA:35,1,2,4
BRDA:35,1,3,4
BRDA:45,2,0,1
BRDA:45,2,1,2
BRDA:93,3,0,2
BRDA:93,3,1,2
BRDA:119,4,0,2
BRDA:119,4,1,3
BRDA:129,5,0,3
BRDA:129,5,1,3
BRDA:130,6,0,3
BRDA:130,6,1,2
BRDA:131,7,0,3
BRDA:131,7,1,1
BRF:18
BRH:18
end_of_record
TN:
SF:src/routes/user.routes.js
FN:6,(anonymous_0)
FN:45,(anonymous_1)
FN:92,(anonymous_2)
FN:123,(anonymous_3)
FN:171,(anonymous_4)
FNF:5
FNH:5
FNDA:6,(anonymous_0)
FNDA:4,(anonymous_1)
FNDA:5,(anonymous_2)
FNDA:8,(anonymous_3)
FNDA:8,(anonymous_4)
DA:1,2
DA:2,2
DA:3,2
DA:4,2
DA:6,2
DA:7,6
DA:8,6
DA:10,6
DA:11,2
DA:17,4
DA:32,2
DA:37,2
DA:38,2
DA:45,2
DA:46,4
DA:47,4
DA:49,4
DA:50,1
DA:56,3
DA:57,2
DA:58,1
DA:64,1
DA:65,1
DA:67,1
DA:82,1
DA:84,1
DA:85,1
DA:92,2
DA:93,5
DA:94,5
DA:96,5
DA:106,4
DA:107,2
DA:113,2
DA:115,1
DA:116,1
DA:123,2
DA:124,8
DA:125,8
DA:126,8
DA:128,8
DA:129,1
DA:135,7
DA:138,6
DA:139,2
DA:145,4
DA:146,2
DA:147,2
DA:148,1
DA:155,3
DA:161,3
DA:163,1
DA:164,1
DA:171,2
DA:172,8
DA:173,8
DA:174,8
DA:176,8
DA:177,1
DA:183,7
DA:184,1
DA:190,6
DA:194,5
DA:195,1
DA:201,4
DA:202,4
DA:203,2
DA:209,2
DA:210,2
DA:212,2
DA:217,2
DA:219,1
DA:220,1
DA:227,2
LF:74
LH:74
BRDA:10,0,0,2
BRDA:10,0,1,4
BRDA:10,1,0,6
BRDA:10,1,1,4
BRDA:49,2,0,1
BRDA:49,2,1,3
BRDA:49,3,0,4
BRDA:49,3,1,3
BRDA:49,3,2,3
BRDA:57,4,0,1
BRDA:57,4,1,1
BRDA:72,5,0,1
BRDA:72,5,1,1
BRDA:106,6,0,2
BRDA:106,6,1,2
BRDA:128,7,0,1
BRDA:128,7,1,7
BRDA:128,8,0,8
BRDA:128,8,1,7
BRDA:138,9,0,2
BRDA:138,9,1,4
BRDA:145,10,0,2
BRDA:145,10,1,2
BRDA:147,11,0,1
BRDA:147,11,1,1
BRDA:176,12,0,1
BRDA:176,12,1,7
BRDA:176,13,0,8
BRDA:176,13,1,7
BRDA:183,14,0,1
BRDA:183,14,1,6
BRDA:194,15,0,1
BRDA:194,15,1,4
BRDA:202,16,0,2
BRDA:202,16,1,2
BRF:35
BRH:35
end_of_record
